#
# There is insufficient memory for the Java Runtime Environment to continue.
# Native memory allocation (malloc) failed to allocate 434352 bytes for Chunk::new
# Possible reasons:
#   The system is out of physical RAM or swap space
#   In 32 bit mode, the process size limit was hit
# Possible solutions:
#   Reduce memory load on the system
#   Increase physical memory or swap space
#   Check if swap backing store is full
#   Use 64 bit Java on a 64 bit OS
#   Decrease Java heap size (-Xmx/-Xms)
#   Decrease number of Java threads
#   Decrease Java thread stack sizes (-Xss)
#   Set larger code cache with -XX:ReservedCodeCacheSize=
# This output file may be truncated or incomplete.
#
#  Out of Memory Error (allocation.cpp:390), pid=9056, tid=0x0000000000001214
#
# JRE version: OpenJDK Runtime Environment (8.0_152-b01) (build 1.8.0_152-release-915-b01)
# Java VM: OpenJDK 64-Bit Server VM (25.152-b01 mixed mode windows-amd64 compressed oops)
# Failed to write core dump. Minidumps are not enabled by default on client versions of Windows
#

---------------  T H R E A D  ---------------

Current thread (0x0000000012fa0000):  JavaThread "C2 CompilerThread1" daemon [_thread_in_native, id=4628, stack(0x00000000146f0000,0x00000000147f0000)]

Stack: [0x00000000146f0000,0x00000000147f0000]
[error occurred during error reporting (printing stack bounds), id 0xc0000005]

Native frames: (J=compiled Java code, j=interpreted, Vv=VM code, C=native code)


Current CompileTask:
C2:   3286  807 %     4       org.objectweb.asm.ClassReader::a @ 1480 (3587 bytes)


---------------  P R O C E S S  ---------------

Java Threads: ( => current thread )
  0x0000000014918800 JavaThread "Service Thread" daemon [_thread_blocked, id=4916, stack(0x0000000014cf0000,0x0000000014df0000)]
  0x0000000012fa3000 JavaThread "C1 CompilerThread2" daemon [_thread_blocked, id=6812, stack(0x00000000147f0000,0x00000000148f0000)]
=>0x0000000012fa0000 JavaThread "C2 CompilerThread1" daemon [_thread_in_native, id=4628, stack(0x00000000146f0000,0x00000000147f0000)]
  0x0000000012f9c800 JavaThread "C2 CompilerThread0" daemon [_thread_blocked, id=9448, stack(0x00000000145f0000,0x00000000146f0000)]
  0x0000000012f9b800 JavaThread "Attach Listener" daemon [_thread_blocked, id=8704, stack(0x00000000144f0000,0x00000000145f0000)]
  0x0000000012f9a800 JavaThread "Signal Dispatcher" daemon [_thread_blocked, id=8964, stack(0x00000000143f0000,0x00000000144f0000)]
  0x0000000012f88800 JavaThread "Finalizer" daemon [_thread_blocked, id=8660, stack(0x0000000014200000,0x0000000014300000)]
  0x00000000017b3000 JavaThread "Reference Handler" daemon [_thread_blocked, id=4932, stack(0x0000000014100000,0x0000000014200000)]
  0x00000000016c2800 JavaThread "main" [_thread_in_Java, id=1468, stack(0x0000000001570000,0x0000000001670000)]

Other Threads:
  0x0000000012f65000 VMThread [stack: 0x0000000014000000,0x0000000014100000] [id=4344]
  0x0000000012ffc800 WatcherThread [stack: 0x0000000014df0000,0x0000000014ef0000] [id=7352]

VM state:not at safepoint (normal execution)

VM Mutex/Monitor currently owned by a thread: None

Heap:
 PSYoungGen      total 18944K, used 3850K [0x00000000feb00000, 0x0000000100000000, 0x0000000100000000)
  eden space 16384K, 7% used [0x00000000feb00000,0x00000000fec44148,0x00000000ffb00000)
  from space 2560K, 99% used [0x00000000ffd80000,0x00000000ffffe850,0x0000000100000000)
  to   space 2560K, 0% used [0x00000000ffb00000,0x00000000ffb00000,0x00000000ffd80000)
 ParOldGen       total 44032K, used 4480K [0x00000000fc000000, 0x00000000feb00000, 0x00000000feb00000)
  object space 44032K, 10% used [0x00000000fc000000,0x00000000fc460070,0x00000000feb00000)
 Metaspace       used 7502K, capacity 7712K, committed 7936K, reserved 1056768K
  class space    used 868K, capacity 956K, committed 1024K, reserved 1048576K

Card table byte_map: [0x0000000001100000,0x0000000001130000] byte_map_base: 0x0000000000920000

Marking Bits: (ParMarkBitMap*) 0x0000000068af3950
 Begin Bits: [0x0000000012400000, 0x0000000012500000)
 End Bits:   [0x0000000012500000, 0x0000000012600000)

Polling page: 0x0000000000be0000

CodeCache: size=245760Kb used=3485Kb max_used=3492Kb free=242274Kb
 bounds [0x0000000003400000, 0x0000000003770000, 0x0000000012400000]
 total_blobs=1218 nmethods=888 adapters=245
 compilation: enabled

Compilation events (10 events):
Event: 3.271 Thread 0x0000000012fa3000 nmethod 874 0x0000000003760210 code [0x00000000037603c0, 0x0000000003760c38]
Event: 3.271 Thread 0x0000000012fa3000  875       3       java.lang.ref.Finalizer::hasBeenFinalized (14 bytes)
Event: 3.271 Thread 0x0000000012fa3000 nmethod 875 0x000000000375fe90 code [0x000000000375ffe0, 0x0000000003760190]
Event: 3.271 Thread 0x0000000012fa3000  876   !   3       java.lang.ref.Finalizer::remove (94 bytes)
Event: 3.271 Thread 0x0000000012fa3000 nmethod 876 0x0000000003762e50 code [0x0000000003762fc0, 0x0000000003763490]
Event: 3.272 Thread 0x0000000012fa3000  877       3       java.lang.System$2::invokeFinalize (5 bytes)
Event: 3.272 Thread 0x0000000012fa3000 nmethod 877 0x000000000375f9d0 code [0x000000000375fb40, 0x000000000375fd68]
Event: 3.272 Thread 0x0000000012fa3000  878       3       java.lang.ref.Reference::clear (6 bytes)
Event: 3.272 Thread 0x0000000012fa3000 nmethod 878 0x0000000003764710 code [0x0000000003764860, 0x00000000037649d0]
Event: 3.273 Thread 0x0000000012fa3000  879       3       java.nio.Buffer::position (43 bytes)

GC Heap History (4 events):
Event: 1.979 GC heap before
{Heap before GC invocations=1 (full 0):
 PSYoungGen      total 18944K, used 16384K [0x00000000feb00000, 0x0000000100000000, 0x0000000100000000)
  eden space 16384K, 100% used [0x00000000feb00000,0x00000000ffb00000,0x00000000ffb00000)
  from space 2560K, 0% used [0x00000000ffd80000,0x00000000ffd80000,0x0000000100000000)
  to   space 2560K, 0% used [0x00000000ffb00000,0x00000000ffb00000,0x00000000ffd80000)
 ParOldGen       total 44032K, used 0K [0x00000000fc000000, 0x00000000feb00000, 0x00000000feb00000)
  object space 44032K, 0% used [0x00000000fc000000,0x00000000fc000000,0x00000000feb00000)
 Metaspace       used 6489K, capacity 6674K, committed 6784K, reserved 1056768K
  class space    used 769K, capacity 823K, committed 896K, reserved 1048576K
Event: 1.989 GC heap after
Heap after GC invocations=1 (full 0):
 PSYoungGen      total 18944K, used 2528K [0x00000000feb00000, 0x0000000100000000, 0x0000000100000000)
  eden space 16384K, 0% used [0x00000000feb00000,0x00000000feb00000,0x00000000ffb00000)
  from space 2560K, 98% used [0x00000000ffb00000,0x00000000ffd78030,0x00000000ffd80000)
  to   space 2560K, 0% used [0x00000000ffd80000,0x00000000ffd80000,0x0000000100000000)
 ParOldGen       total 44032K, used 1644K [0x00000000fc000000, 0x00000000feb00000, 0x00000000feb00000)
  object space 44032K, 3% used [0x00000000fc000000,0x00000000fc19b358,0x00000000feb00000)
 Metaspace       used 6489K, capacity 6674K, committed 6784K, reserved 1056768K
  class space    used 769K, capacity 823K, committed 896K, reserved 1048576K
}
Event: 3.167 GC heap before
{Heap before GC invocations=2 (full 0):
 PSYoungGen      total 18944K, used 18912K [0x00000000feb00000, 0x0000000100000000, 0x0000000100000000)
  eden space 16384K, 100% used [0x00000000feb00000,0x00000000ffb00000,0x00000000ffb00000)
  from space 2560K, 98% used [0x00000000ffb00000,0x00000000ffd78030,0x00000000ffd80000)
  to   space 2560K, 0% used [0x00000000ffd80000,0x00000000ffd80000,0x0000000100000000)
 ParOldGen       total 44032K, used 1644K [0x00000000fc000000, 0x00000000feb00000, 0x00000000feb00000)
  object space 44032K, 3% used [0x00000000fc000000,0x00000000fc19b358,0x00000000feb00000)
 Metaspace       used 7497K, capacity 7712K, committed 7936K, reserved 1056768K
  class space    used 868K, capacity 956K, committed 1024K, reserved 1048576K
Event: 3.269 GC heap after
Heap after GC invocations=2 (full 0):
 PSYoungGen      total 18944K, used 2554K [0x00000000feb00000, 0x0000000100000000, 0x0000000100000000)
  eden space 16384K, 0% used [0x00000000feb00000,0x00000000feb00000,0x00000000ffb00000)
  from space 2560K, 99% used [0x00000000ffd80000,0x00000000ffffe850,0x0000000100000000)
  to   space 2560K, 0% used [0x00000000ffb00000,0x00000000ffb00000,0x00000000ffd80000)
 ParOldGen       total 44032K, used 4480K [0x00000000fc000000, 0x00000000feb00000, 0x00000000feb00000)
  object space 44032K, 10% used [0x00000000fc000000,0x00000000fc460070,0x00000000feb00000)
 Metaspace       used 7497K, capacity 7712K, committed 7936K, reserved 1056768K
  class space    used 868K, capacity 956K, committed 1024K, reserved 1048576K
}

Deoptimization events (10 events):
Event: 1.886 Thread 0x00000000016c2800 Uncommon trap: reason=unstable_if action=reinterpret pc=0x0000000003605398 method=java.util.zip.ZipEntry.setExtra0([BZ)V @ 1
Event: 1.890 Thread 0x00000000016c2800 Uncommon trap: reason=unstable_if action=reinterpret pc=0x0000000003610344 method=java.util.zip.ZipCoder.decoder()Ljava/nio/charset/CharsetDecoder; @ 4
Event: 1.892 Thread 0x00000000016c2800 Uncommon trap: reason=unstable_if action=reinterpret pc=0x0000000003612958 method=java.util.zip.ZipCoder.decoder()Ljava/nio/charset/CharsetDecoder; @ 4
Event: 2.118 Thread 0x00000000016c2800 Uncommon trap: reason=unstable_if action=reinterpret pc=0x0000000003621a08 method=java.util.HashMap$HashIterator.nextNode()Ljava/util/HashMap$Node; @ 74
Event: 2.142 Thread 0x00000000016c2800 Uncommon trap: reason=unstable_if action=reinterpret pc=0x0000000003607f78 method=java.util.zip.ZipFile.getZipEntry(Ljava/lang/String;J)Ljava/util/zip/ZipEntry; @ 19
Event: 2.183 Thread 0x00000000016c2800 Uncommon trap: reason=unstable_if action=reinterpret pc=0x00000000036215c8 method=java.util.HashMap$HashIterator.nextNode()Ljava/util/HashMap$Node; @ 74
Event: 2.332 Thread 0x00000000016c2800 Uncommon trap: reason=unloaded action=reinterpret pc=0x00000000036141fc method=java.util.zip.ZipEntry.setExtra0([BZ)V @ 37
Event: 2.445 Thread 0x00000000016c2800 Uncommon trap: reason=unstable_if action=reinterpret pc=0x00000000035e894c method=java.lang.String.<init>([CII)V @ 18
Event: 3.051 Thread 0x00000000016c2800 Uncommon trap: reason=unstable_if action=reinterpret pc=0x00000000036edd00 method=org.objectweb.asm.Item.a(Lorg/objectweb/asm/Item;)Z @ 345
Event: 3.077 Thread 0x00000000016c2800 Uncommon trap: reason=unstable_if action=reinterpret pc=0x0000000003748598 method=org.objectweb.asm.Type.getArgumentsAndReturnSizes(Ljava/lang/String;)I @ 130

Classes redefined (0 events):
No events

Internal exceptions (10 events):
Event: 1.892 Thread 0x00000000016c2800 Implicit null exception at 0x000000000361204f to 0x0000000003612929
Event: 2.169 Thread 0x00000000016c2800 Exception <a 'sun/nio/fs/WindowsException'> (0x00000000ff113e48) thrown at [D:\src\AOSP-openjdk-cygwin\jdk8u\hotspot\src\share\vm\prims\jni.cpp, line 709]
Event: 2.169 Thread 0x00000000016c2800 Exception <a 'sun/nio/fs/WindowsException'> (0x00000000ff1143a8) thrown at [D:\src\AOSP-openjdk-cygwin\jdk8u\hotspot\src\share\vm\prims\jni.cpp, line 709]
Event: 2.169 Thread 0x00000000016c2800 Exception <a 'sun/nio/fs/WindowsException'> (0x00000000ff114880) thrown at [D:\src\AOSP-openjdk-cygwin\jdk8u\hotspot\src\share\vm\prims\jni.cpp, line 709]
Event: 2.170 Thread 0x00000000016c2800 Exception <a 'sun/nio/fs/WindowsException'> (0x00000000ff114fe0) thrown at [D:\src\AOSP-openjdk-cygwin\jdk8u\hotspot\src\share\vm\prims\jni.cpp, line 709]
Event: 2.170 Thread 0x00000000016c2800 Exception <a 'sun/nio/fs/WindowsException'> (0x00000000ff115490) thrown at [D:\src\AOSP-openjdk-cygwin\jdk8u\hotspot\src\share\vm\prims\jni.cpp, line 709]
Event: 2.170 Thread 0x00000000016c2800 Exception <a 'sun/nio/fs/WindowsException'> (0x00000000ff115be0) thrown at [D:\src\AOSP-openjdk-cygwin\jdk8u\hotspot\src\share\vm\prims\jni.cpp, line 709]
Event: 2.189 Thread 0x00000000016c2800 Exception <a 'sun/nio/fs/WindowsException'> (0x00000000ff11a700) thrown at [D:\src\AOSP-openjdk-cygwin\jdk8u\hotspot\src\share\vm\prims\jni.cpp, line 709]
Event: 2.385 Thread 0x00000000016c2800 Exception <a 'sun/nio/fs/WindowsException'> (0x00000000ff325368) thrown at [D:\src\AOSP-openjdk-cygwin\jdk8u\hotspot\src\share\vm\prims\jni.cpp, line 709]
Event: 2.385 Thread 0x00000000016c2800 Exception <a 'sun/nio/fs/WindowsException'> (0x00000000ff3258e8) thrown at [D:\src\AOSP-openjdk-cygwin\jdk8u\hotspot\src\share\vm\prims\jni.cpp, line 709]

Events (10 events):
Event: 2.819 loading class org/objectweb/asm/Handler
Event: 2.819 loading class org/objectweb/asm/Handler done
Event: 3.051 Thread 0x00000000016c2800 Uncommon trap: trap_request=0xffffff65 fr.pc=0x00000000036edd00
Event: 3.051 Thread 0x00000000016c2800 DEOPT PACKING pc=0x00000000036edd00 sp=0x000000000166ea80
Event: 3.051 Thread 0x00000000016c2800 DEOPT UNPACKING pc=0x000000000344556a sp=0x000000000166ea18 mode 2
Event: 3.077 Thread 0x00000000016c2800 Uncommon trap: trap_request=0xffffff65 fr.pc=0x0000000003748598
Event: 3.077 Thread 0x00000000016c2800 DEOPT PACKING pc=0x0000000003748598 sp=0x000000000166eb80
Event: 3.077 Thread 0x00000000016c2800 DEOPT UNPACKING pc=0x000000000344556a sp=0x000000000166eb10 mode 2
Event: 3.166 Executing VM operation: ParallelGCFailedAllocation
Event: 3.269 Executing VM operation: ParallelGCFailedAllocation done


Dynamic libraries:
0x00007ff670c90000 - 0x00007ff670cc1000 	D:\Android\Android Studio\jre\bin\java.exe
0x00007ffe02c00000 - 0x00007ffe02ddb000 	C:\Windows\SYSTEM32\ntdll.dll
0x00007ffe02480000 - 0x00007ffe0252e000 	C:\Windows\System32\KERNEL32.DLL
0x00007ffdffd30000 - 0x00007ffdfff79000 	C:\Windows\System32\KERNELBASE.dll
0x00007ffe01ab0000 - 0x00007ffe01b51000 	C:\Windows\System32\ADVAPI32.dll
0x00007ffe028e0000 - 0x00007ffe0297d000 	C:\Windows\System32\msvcrt.dll
0x00007ffe01b60000 - 0x00007ffe01bb9000 	C:\Windows\System32\sechost.dll
0x00007ffe02ad0000 - 0x00007ffe02bf5000 	C:\Windows\System32\RPCRT4.dll
0x00007ffe02790000 - 0x00007ffe028da000 	C:\Windows\System32\USER32.dll
0x00007ffdff230000 - 0x00007ffdff24e000 	C:\Windows\System32\win32u.dll
0x00007ffe025f0000 - 0x00007ffe02617000 	C:\Windows\System32\GDI32.dll
0x00007ffdfff80000 - 0x00007ffe00108000 	C:\Windows\System32\gdi32full.dll
0x00007ffdff190000 - 0x00007ffdff22a000 	C:\Windows\System32\msvcp_win.dll
0x00007ffdffc30000 - 0x00007ffdffd26000 	C:\Windows\System32\ucrtbase.dll
0x00007ffdf4110000 - 0x00007ffdf4377000 	C:\Windows\WinSxS\amd64_microsoft.windows.common-controls_6595b64144ccf1df_6.0.15063.0_none_108e4f62dfe5d999\COMCTL32.dll
0x00007ffe01f70000 - 0x00007ffe02269000 	C:\Windows\System32\combase.dll
0x00007ffdff120000 - 0x00007ffdff18a000 	C:\Windows\System32\bcryptPrimitives.dll
0x00007ffe02980000 - 0x00007ffe029ad000 	C:\Windows\System32\IMM32.DLL
0x0000000068250000 - 0x0000000068322000 	D:\Android\Android Studio\jre\jre\bin\msvcr100.dll
0x0000000068330000 - 0x0000000068b6e000 	D:\Android\Android Studio\jre\jre\bin\server\jvm.dll
0x00007ffe02470000 - 0x00007ffe02478000 	C:\Windows\System32\PSAPI.DLL
0x00007ffdfbcd0000 - 0x00007ffdfbcd9000 	C:\Windows\SYSTEM32\WSOCK32.dll
0x00007ffe01ca0000 - 0x00007ffe01d0c000 	C:\Windows\System32\WS2_32.dll
0x00007ffdfd650000 - 0x00007ffdfd673000 	C:\Windows\SYSTEM32\WINMM.dll
0x00007ffdf64c0000 - 0x00007ffdf64ca000 	C:\Windows\SYSTEM32\VERSION.dll
0x00007ffdfd4e0000 - 0x00007ffdfd50b000 	C:\Windows\SYSTEM32\WINMMBASE.dll
0x00007ffe00110000 - 0x00007ffe00159000 	C:\Windows\System32\cfgmgr32.dll
0x00007ffdfb040000 - 0x00007ffdfb04f000 	D:\Android\Android Studio\jre\jre\bin\verify.dll
0x00007ffdf1d10000 - 0x00007ffdf1d39000 	D:\Android\Android Studio\jre\jre\bin\java.dll
0x00007ffdf5920000 - 0x00007ffdf5936000 	D:\Android\Android Studio\jre\jre\bin\zip.dll
0x00007ffe00600000 - 0x00007ffe01a37000 	C:\Windows\System32\SHELL32.dll
0x00007ffe02530000 - 0x00007ffe025da000 	C:\Windows\System32\shcore.dll
0x00007ffdff2b0000 - 0x00007ffdff9a2000 	C:\Windows\System32\windows.storage.dll
0x00007ffe02410000 - 0x00007ffe02461000 	C:\Windows\System32\shlwapi.dll
0x00007ffdff0e0000 - 0x00007ffdff0f1000 	C:\Windows\System32\kernel.appcore.dll
0x00007ffdff070000 - 0x00007ffdff0bc000 	C:\Windows\System32\powrprof.dll
0x00007ffdff0c0000 - 0x00007ffdff0d5000 	C:\Windows\System32\profapi.dll
0x00007ffdfead0000 - 0x00007ffdfeae7000 	C:\Windows\SYSTEM32\CRYPTSP.dll
0x00007ffdfe540000 - 0x00007ffdfe574000 	C:\Windows\system32\rsaenh.dll
0x00007ffdfefa0000 - 0x00007ffdfefc5000 	C:\Windows\SYSTEM32\bcrypt.dll
0x00007ffdfef70000 - 0x00007ffdfef99000 	C:\Windows\SYSTEM32\USERENV.dll
0x00007ffdfeac0000 - 0x00007ffdfeacb000 	C:\Windows\SYSTEM32\CRYPTBASE.dll
0x00007ffdf29e0000 - 0x00007ffdf29fa000 	D:\Android\Android Studio\jre\jre\bin\net.dll
0x00007ffdfe920000 - 0x00007ffdfe97c000 	C:\Windows\system32\mswsock.dll
0x00007ffdfe6c0000 - 0x00007ffdfe6f7000 	C:\Windows\SYSTEM32\IPHLPAPI.DLL
0x00007ffe01aa0000 - 0x00007ffe01aa8000 	C:\Windows\System32\NSI.dll
0x00007ffdfa220000 - 0x00007ffdfa236000 	C:\Windows\SYSTEM32\dhcpcsvc6.DLL
0x00007ffdfa200000 - 0x00007ffdfa21a000 	C:\Windows\SYSTEM32\dhcpcsvc.DLL
0x00007ffdf1cf0000 - 0x00007ffdf1d01000 	D:\Android\Android Studio\jre\jre\bin\nio.dll

VM Arguments:
jvm_args: -Djava.awt.headless=true -Xmx64M -Dfile.encoding=windows-1251 -Duser.country=RU -Duser.language=ru -Duser.variant 
java_command: com.google.devtools.build.android.desugar.Desugar --input D:\Android\Develop\FlagQuize\app\build\intermediates\transforms\stackFramesFixer\debug\9.jar --output D:\Android\Develop\FlagQuize\app\build\intermediates\transforms\desugar\debug\10.jar --input D:\Android\Develop\FlagQuize\app\build\intermediates\transforms\stackFramesFixer\debug\14.jar --output D:\Android\Develop\FlagQuize\app\build\intermediates\transforms\desugar\debug\15.jar --input D:\Android\Develop\FlagQuize\app\build\intermediates\transforms\stackFramesFixer\debug\8.jar --output D:\Android\Develop\FlagQuize\app\build\intermediates\transforms\desugar\debug\9.jar --input D:\Android\Develop\FlagQuize\app\build\intermediates\transforms\stackFramesFixer\debug\6.jar --output D:\Android\Develop\FlagQuize\app\build\intermediates\transforms\desugar\debug\7.jar --classpath_entry D:\Android\Develop\FlagQuize\app\build\intermediates\classes\debug --classpath_entry D:\Android\Develop\FlagQuize\app\build\intermediates\transforms\stackFramesFixer\debug\0.jar --classpath_entry D:\Android\Develop\FlagQuize\app\build\intermediates\transforms\stackFramesFixer\debug\1.jar --classpath_entry D:\Android\Develop\FlagQuize\app\build\intermediates\transforms\stackFramesFixer\debug\2.jar --classpath_entry D:\Android\Develop\FlagQuize\app\build\intermediates\transforms\stackFramesFixer\debug\3.jar --classpath_entry D:\Android\Develop\FlagQuize\app\build\intermediates\transforms\stackFramesFixer\debug\4.jar --classpath_entry D:\Android\Develop\FlagQuize\app\build\intermediates\transforms\stackFramesFixer\debug\5.jar --classpath_entry D:\Android\Develop\FlagQuize\app\build\intermediates\transforms\stackFramesFixer\debug\6.jar --classpath_entry D:\Android\Develop\FlagQuize\app\build\intermediates\transforms\stackFramesFixer\debug\7.jar --classpath_entry D:\Android\Develop\FlagQuize\app\build\intermediates\transforms\stackFramesFixer\debug\8.jar --classpath_entry D:\Android\Develop\FlagQuize\app\build\intermediates\
java_class_path (initial): D:\Temp\desugar_deploy.jar2445098554435361484
Launcher Type: SUN_STANDARD

Environment Variables:
PATH=C:\Windows\system32;C:\Windows;C:\Windows\System32\Wbem;C:\Windows\System32\WindowsPowerShell\v1.0\;C:\Program Files\Git\cmd;C:\Users\vi199\AppData\Local\Microsoft\WindowsApps;
USERNAME=vi199
OS=Windows_NT
PROCESSOR_IDENTIFIER=AMD64 Family 21 Model 19 Stepping 1, AuthenticAMD



---------------  S Y S T E M  ---------------

OS: Windows 10.0 , 64 bit Build 15063 (10.0.15063.296)

CPU:total 4 (initial active 4) (4 cores per cpu, 1 threads per core) family 21 model 19 stepping 1, cmov, cx8, fxsr, mmx, sse, sse2, sse3, ssse3, sse4.1, sse4.2, popcnt, avx, aes, clmul, mmxext, 3dnowpref, lzcnt, sse4a, tsc, tscinvbit, tscinv, bmi1

Memory: 4k page, physical 5469384k(589340k free), swap 5469384k(732k free)

vm_info: OpenJDK 64-Bit Server VM (25.152-b01) for windows-amd64 JRE (1.8.0_152-release-915-b01), built by "builder" with MS VC++ 10.0 (VS2010)

time: Mon Feb 12 07:52:18 2018
elapsed time: 3 seconds (0d 0h 0m 3s)

