#
# There is insufficient memory for the Java Runtime Environment to continue.
# Native memory allocation (malloc) failed to allocate 81296 bytes for Chunk::new
# Possible reasons:
#   The system is out of physical RAM or swap space
#   In 32 bit mode, the process size limit was hit
# Possible solutions:
#   Reduce memory load on the system
#   Increase physical memory or swap space
#   Check if swap backing store is full
#   Use 64 bit Java on a 64 bit OS
#   Decrease Java heap size (-Xmx/-Xms)
#   Decrease number of Java threads
#   Decrease Java thread stack sizes (-Xss)
#   Set larger code cache with -XX:ReservedCodeCacheSize=
# This output file may be truncated or incomplete.
#
#  Out of Memory Error (allocation.cpp:390), pid=9812, tid=0x00000000000018f8
#
# JRE version: OpenJDK Runtime Environment (8.0_152-b01) (build 1.8.0_152-release-915-b01)
# Java VM: OpenJDK 64-Bit Server VM (25.152-b01 mixed mode windows-amd64 compressed oops)
# Failed to write core dump. Minidumps are not enabled by default on client versions of Windows
#

---------------  T H R E A D  ---------------

Current thread (0x0000000001c0f000):  JavaThread "C2 CompilerThread0" daemon [_thread_in_native, id=6392, stack(0x0000000013eb0000,0x0000000013fb0000)]

Stack: [0x0000000013eb0000,0x0000000013fb0000]
[error occurred during error reporting (printing stack bounds), id 0xc0000005]

Native frames: (J=compiled Java code, j=interpreted, Vv=VM code, C=native code)


Current CompileTask:
C2:   4016  733       4       org.objectweb.asm.ClassReader::readUTF8 (60 bytes)


---------------  P R O C E S S  ---------------

Java Threads: ( => current thread )
  0x00000000141d8800 JavaThread "Service Thread" daemon [_thread_blocked, id=7860, stack(0x00000000145b0000,0x00000000146b0000)]
  0x0000000001c15800 JavaThread "C1 CompilerThread2" daemon [_thread_in_native, id=5560, stack(0x00000000140b0000,0x00000000141b0000)]
  0x0000000001c12800 JavaThread "C2 CompilerThread1" daemon [_thread_in_vm, id=1380, stack(0x0000000013fb0000,0x00000000140b0000)]
=>0x0000000001c0f000 JavaThread "C2 CompilerThread0" daemon [_thread_in_native, id=6392, stack(0x0000000013eb0000,0x0000000013fb0000)]
  0x0000000001c0d800 JavaThread "Attach Listener" daemon [_thread_blocked, id=6496, stack(0x0000000013db0000,0x0000000013eb0000)]
  0x0000000001c0c000 JavaThread "Signal Dispatcher" daemon [_thread_blocked, id=2764, stack(0x0000000013cb0000,0x0000000013db0000)]
  0x0000000001bf8800 JavaThread "Finalizer" daemon [_thread_blocked, id=6516, stack(0x0000000013ac0000,0x0000000013bc0000)]
  0x0000000001033000 JavaThread "Reference Handler" daemon [_thread_blocked, id=7416, stack(0x00000000139c0000,0x0000000013ac0000)]
  0x0000000000f42800 JavaThread "main" [_thread_blocked, id=9140, stack(0x0000000000a70000,0x0000000000b70000)]

Other Threads:
  0x0000000001bd5000 VMThread [stack: 0x00000000138c0000,0x00000000139c0000] [id=8404]
  0x0000000001c6e000 WatcherThread [stack: 0x00000000146b0000,0x00000000147b0000] [id=9584]

VM state:synchronizing (normal execution)

VM Mutex/Monitor currently owned by a thread:  ([mutex/lock_event])
[0x000000000057def0] Threads_lock - owner thread: 0x0000000001bd5000
[0x000000000057e470] Heap_lock - owner thread: 0x0000000000f42800

Heap:
 PSYoungGen      total 18944K, used 18928K [0x00000000feb00000, 0x0000000100000000, 0x0000000100000000)
  eden space 16384K, 100% used [0x00000000feb00000,0x00000000ffb00000,0x00000000ffb00000)
  from space 2560K, 99% used [0x00000000ffb00000,0x00000000ffd7c020,0x00000000ffd80000)
  to   space 2560K, 0% used [0x00000000ffd80000,0x00000000ffd80000,0x0000000100000000)
 ParOldGen       total 44032K, used 1655K [0x00000000fc000000, 0x00000000feb00000, 0x00000000feb00000)
  object space 44032K, 3% used [0x00000000fc000000,0x00000000fc19dd90,0x00000000feb00000)
 Metaspace       used 7453K, capacity 7640K, committed 7936K, reserved 1056768K
  class space    used 868K, capacity 956K, committed 1024K, reserved 1048576K

Card table byte_map: [0x0000000001040000,0x0000000001070000] byte_map_base: 0x0000000000860000

Marking Bits: (ParMarkBitMap*) 0x0000000068af3950
 Begin Bits: [0x0000000001870000, 0x0000000001970000)
 End Bits:   [0x0000000001970000, 0x0000000001a70000)

Polling page: 0x0000000000520000

CodeCache: size=245760Kb used=2685Kb max_used=2696Kb free=243074Kb
 bounds [0x0000000003400000, 0x00000000036b0000, 0x0000000012400000]
 total_blobs=1067 nmethods=737 adapters=245
 compilation: enabled

Compilation events (10 events):
Event: 2.186 Thread 0x0000000001c15800 nmethod 734 0x0000000003699a10 code [0x0000000003699be0, 0x000000000369a670]
Event: 2.186 Thread 0x0000000001c15800  735       3       org.objectweb.asm.MethodWriter::a (38 bytes)
Event: 2.187 Thread 0x0000000001c15800 nmethod 735 0x000000000369aa10 code [0x000000000369ab80, 0x000000000369ae30]
Event: 2.187 Thread 0x0000000001c15800  736       3       com.google.devtools.build.android.desugar.InterfaceDesugaring$InterfaceInvocationRewriter::visitMethodInsn (279 bytes)
Event: 2.187 Thread 0x0000000001c12800  740       4       org.objectweb.asm.ClassReader::readInt (52 bytes)
Event: 2.188 Thread 0x0000000001c12800 nmethod 740 0x000000000369dc90 code [0x000000000369ddc0, 0x000000000369deb8]
Event: 2.190 Thread 0x0000000001c15800 nmethod 736 0x000000000369df90 code [0x000000000369e460, 0x00000000036a15a8]
Event: 2.190 Thread 0x0000000001c15800  738       3       org.objectweb.asm.ClassReader::a (3587 bytes)
Event: 2.196 Thread 0x0000000001c12800  744       4       org.objectweb.asm.ByteVector::putShort (52 bytes)
Event: 2.197 Thread 0x0000000001c12800 nmethod 744 0x000000000369c390 code [0x000000000369c4e0, 0x000000000369c648]

GC Heap History (2 events):
Event: 0.842 GC heap before
{Heap before GC invocations=1 (full 0):
 PSYoungGen      total 18944K, used 16384K [0x00000000feb00000, 0x0000000100000000, 0x0000000100000000)
  eden space 16384K, 100% used [0x00000000feb00000,0x00000000ffb00000,0x00000000ffb00000)
  from space 2560K, 0% used [0x00000000ffd80000,0x00000000ffd80000,0x0000000100000000)
  to   space 2560K, 0% used [0x00000000ffb00000,0x00000000ffb00000,0x00000000ffd80000)
 ParOldGen       total 44032K, used 0K [0x00000000fc000000, 0x00000000feb00000, 0x00000000feb00000)
  object space 44032K, 0% used [0x00000000fc000000,0x00000000fc000000,0x00000000feb00000)
 Metaspace       used 6491K, capacity 6666K, committed 6784K, reserved 1056768K
  class space    used 768K, capacity 823K, committed 896K, reserved 1048576K
Event: 0.849 GC heap after
Heap after GC invocations=1 (full 0):
 PSYoungGen      total 18944K, used 2544K [0x00000000feb00000, 0x0000000100000000, 0x0000000100000000)
  eden space 16384K, 0% used [0x00000000feb00000,0x00000000feb00000,0x00000000ffb00000)
  from space 2560K, 99% used [0x00000000ffb00000,0x00000000ffd7c020,0x00000000ffd80000)
  to   space 2560K, 0% used [0x00000000ffd80000,0x00000000ffd80000,0x0000000100000000)
 ParOldGen       total 44032K, used 1655K [0x00000000fc000000, 0x00000000feb00000, 0x00000000feb00000)
  object space 44032K, 3% used [0x00000000fc000000,0x00000000fc19dd90,0x00000000feb00000)
 Metaspace       used 6491K, capacity 6666K, committed 6784K, reserved 1056768K
  class space    used 768K, capacity 823K, committed 896K, reserved 1048576K
}

Deoptimization events (10 events):
Event: 0.801 Thread 0x0000000000f42800 Uncommon trap: reason=unstable_if action=reinterpret pc=0x0000000003603aa4 method=java.util.zip.ZipCoder.decoder()Ljava/nio/charset/CharsetDecoder; @ 4
Event: 0.801 Thread 0x0000000000f42800 Uncommon trap: reason=unstable_if action=reinterpret pc=0x0000000003602ed8 method=java.util.zip.ZipEntry.setExtra0([BZ)V @ 1
Event: 0.807 Thread 0x0000000000f42800 Uncommon trap: reason=unstable_if action=reinterpret pc=0x00000000035ffc88 method=java.util.zip.ZipFile$ZipEntryIterator.hasNext()Z @ 25
Event: 0.808 Thread 0x0000000000f42800 Uncommon trap: reason=unstable_if action=reinterpret pc=0x000000000360e778 method=java.util.zip.ZipCoder.decoder()Ljava/nio/charset/CharsetDecoder; @ 4
Event: 0.810 Thread 0x0000000000f42800 Uncommon trap: reason=unstable_if action=reinterpret pc=0x00000000035ff5dc method=java.util.zip.ZipFile$ZipEntryIterator.hasNext()Z @ 25
Event: 0.810 Thread 0x0000000000f42800 Uncommon trap: reason=unstable_if action=reinterpret pc=0x000000000360c184 method=java.util.zip.ZipCoder.decoder()Ljava/nio/charset/CharsetDecoder; @ 4
Event: 0.886 Thread 0x0000000000f42800 Uncommon trap: reason=unstable_if action=reinterpret pc=0x000000000361c908 method=java.util.HashMap$HashIterator.nextNode()Ljava/util/HashMap$Node; @ 74
Event: 0.943 Thread 0x0000000000f42800 Uncommon trap: reason=unstable_if action=reinterpret pc=0x0000000003621008 method=java.util.HashMap$HashIterator.nextNode()Ljava/util/HashMap$Node; @ 74
Event: 0.989 Thread 0x0000000000f42800 Uncommon trap: reason=unloaded action=reinterpret pc=0x00000000036105bc method=java.util.zip.ZipEntry.setExtra0([BZ)V @ 37
Event: 1.187 Thread 0x0000000000f42800 Uncommon trap: reason=unstable_if action=reinterpret pc=0x00000000035e64cc method=java.lang.String.<init>([CII)V @ 18

Classes redefined (0 events):
No events

Internal exceptions (10 events):
Event: 0.937 Thread 0x0000000000f42800 Exception <a 'sun/nio/fs/WindowsException'> (0x00000000ff111a60) thrown at [D:\src\AOSP-openjdk-cygwin\jdk8u\hotspot\src\share\vm\prims\jni.cpp, line 709]
Event: 0.938 Thread 0x0000000000f42800 Exception <a 'sun/nio/fs/WindowsException'> (0x00000000ff111f38) thrown at [D:\src\AOSP-openjdk-cygwin\jdk8u\hotspot\src\share\vm\prims\jni.cpp, line 709]
Event: 0.938 Thread 0x0000000000f42800 Exception <a 'sun/nio/fs/WindowsException'> (0x00000000ff112698) thrown at [D:\src\AOSP-openjdk-cygwin\jdk8u\hotspot\src\share\vm\prims\jni.cpp, line 709]
Event: 0.938 Thread 0x0000000000f42800 Exception <a 'sun/nio/fs/WindowsException'> (0x00000000ff112b48) thrown at [D:\src\AOSP-openjdk-cygwin\jdk8u\hotspot\src\share\vm\prims\jni.cpp, line 709]
Event: 0.938 Thread 0x0000000000f42800 Exception <a 'sun/nio/fs/WindowsException'> (0x00000000ff113298) thrown at [D:\src\AOSP-openjdk-cygwin\jdk8u\hotspot\src\share\vm\prims\jni.cpp, line 709]
Event: 0.948 Thread 0x0000000000f42800 Exception <a 'sun/nio/fs/WindowsException'> (0x00000000ff117db8) thrown at [D:\src\AOSP-openjdk-cygwin\jdk8u\hotspot\src\share\vm\prims\jni.cpp, line 709]
Event: 1.007 Thread 0x0000000000f42800 Exception <a 'sun/nio/fs/WindowsException'> (0x00000000ff322850) thrown at [D:\src\AOSP-openjdk-cygwin\jdk8u\hotspot\src\share\vm\prims\jni.cpp, line 709]
Event: 1.007 Thread 0x0000000000f42800 Exception <a 'sun/nio/fs/WindowsException'> (0x00000000ff322dd0) thrown at [D:\src\AOSP-openjdk-cygwin\jdk8u\hotspot\src\share\vm\prims\jni.cpp, line 709]
Event: 2.066 Thread 0x0000000000f42800 Exception <a 'sun/nio/fs/WindowsException'> (0x00000000ff4e6738) thrown at [D:\src\AOSP-openjdk-cygwin\jdk8u\hotspot\src\share\vm\prims\jni.cpp, line 709]
Event: 2.066 Thread 0x0000000000f42800 Exception <a 'sun/nio/fs/WindowsException'> (0x00000000ff4e6c38) thrown at [D:\src\AOSP-openjdk-cygwin\jdk8u\hotspot\src\share\vm\prims\jni.cpp, line 709]

Events (10 events):
Event: 1.169 loading class java/util/zip/ZipOutputStream$XEntry done
Event: 1.172 loading class org/objectweb/asm/tree/TryCatchBlockNode
Event: 1.172 loading class org/objectweb/asm/tree/TryCatchBlockNode done
Event: 1.173 loading class org/objectweb/asm/Handler
Event: 1.173 loading class org/objectweb/asm/Handler done
Event: 1.187 Thread 0x0000000000f42800 Uncommon trap: trap_request=0xffffff65 fr.pc=0x00000000035e64cc
Event: 1.187 Thread 0x0000000000f42800 DEOPT PACKING pc=0x00000000035e64cc sp=0x0000000000b6eeb0
Event: 1.187 Thread 0x0000000000f42800 DEOPT UNPACKING pc=0x000000000344556a sp=0x0000000000b6ee78 mode 2
Event: 1.232 loading class java/util/Vector$Itr
Event: 1.232 loading class java/util/Vector$Itr done


Dynamic libraries:
0x00007ff670c90000 - 0x00007ff670cc1000 	D:\Android\Android Studio\jre\bin\java.exe
0x00007ffe02c00000 - 0x00007ffe02ddb000 	C:\Windows\SYSTEM32\ntdll.dll
0x00007ffe02480000 - 0x00007ffe0252e000 	C:\Windows\System32\KERNEL32.DLL
0x00007ffdffd30000 - 0x00007ffdfff79000 	C:\Windows\System32\KERNELBASE.dll
0x00007ffe01ab0000 - 0x00007ffe01b51000 	C:\Windows\System32\ADVAPI32.dll
0x00007ffe028e0000 - 0x00007ffe0297d000 	C:\Windows\System32\msvcrt.dll
0x00007ffe01b60000 - 0x00007ffe01bb9000 	C:\Windows\System32\sechost.dll
0x00007ffe02ad0000 - 0x00007ffe02bf5000 	C:\Windows\System32\RPCRT4.dll
0x00007ffe02790000 - 0x00007ffe028da000 	C:\Windows\System32\USER32.dll
0x00007ffdff230000 - 0x00007ffdff24e000 	C:\Windows\System32\win32u.dll
0x00007ffe025f0000 - 0x00007ffe02617000 	C:\Windows\System32\GDI32.dll
0x00007ffdfff80000 - 0x00007ffe00108000 	C:\Windows\System32\gdi32full.dll
0x00007ffdff190000 - 0x00007ffdff22a000 	C:\Windows\System32\msvcp_win.dll
0x00007ffdffc30000 - 0x00007ffdffd26000 	C:\Windows\System32\ucrtbase.dll
0x00007ffdf4110000 - 0x00007ffdf4377000 	C:\Windows\WinSxS\amd64_microsoft.windows.common-controls_6595b64144ccf1df_6.0.15063.0_none_108e4f62dfe5d999\COMCTL32.dll
0x00007ffe01f70000 - 0x00007ffe02269000 	C:\Windows\System32\combase.dll
0x00007ffdff120000 - 0x00007ffdff18a000 	C:\Windows\System32\bcryptPrimitives.dll
0x00007ffe02980000 - 0x00007ffe029ad000 	C:\Windows\System32\IMM32.DLL
0x0000000068250000 - 0x0000000068322000 	D:\Android\Android Studio\jre\jre\bin\msvcr100.dll
0x0000000068330000 - 0x0000000068b6e000 	D:\Android\Android Studio\jre\jre\bin\server\jvm.dll
0x00007ffe02470000 - 0x00007ffe02478000 	C:\Windows\System32\PSAPI.DLL
0x00007ffdfd650000 - 0x00007ffdfd673000 	C:\Windows\SYSTEM32\WINMM.dll
0x00007ffdfbcd0000 - 0x00007ffdfbcd9000 	C:\Windows\SYSTEM32\WSOCK32.dll
0x00007ffe01ca0000 - 0x00007ffe01d0c000 	C:\Windows\System32\WS2_32.dll
0x00007ffdf64c0000 - 0x00007ffdf64ca000 	C:\Windows\SYSTEM32\VERSION.dll
0x00007ffdfd4e0000 - 0x00007ffdfd50b000 	C:\Windows\SYSTEM32\WINMMBASE.dll
0x00007ffe00110000 - 0x00007ffe00159000 	C:\Windows\System32\cfgmgr32.dll
0x00007ffdfb040000 - 0x00007ffdfb04f000 	D:\Android\Android Studio\jre\jre\bin\verify.dll
0x00007ffdf1d10000 - 0x00007ffdf1d39000 	D:\Android\Android Studio\jre\jre\bin\java.dll
0x00007ffdf5920000 - 0x00007ffdf5936000 	D:\Android\Android Studio\jre\jre\bin\zip.dll
0x00007ffe00600000 - 0x00007ffe01a37000 	C:\Windows\System32\SHELL32.dll
0x00007ffe02530000 - 0x00007ffe025da000 	C:\Windows\System32\shcore.dll
0x00007ffdff2b0000 - 0x00007ffdff9a2000 	C:\Windows\System32\windows.storage.dll
0x00007ffe02410000 - 0x00007ffe02461000 	C:\Windows\System32\shlwapi.dll
0x00007ffdff0e0000 - 0x00007ffdff0f1000 	C:\Windows\System32\kernel.appcore.dll
0x00007ffdff070000 - 0x00007ffdff0bc000 	C:\Windows\System32\powrprof.dll
0x00007ffdff0c0000 - 0x00007ffdff0d5000 	C:\Windows\System32\profapi.dll
0x00007ffdfead0000 - 0x00007ffdfeae7000 	C:\Windows\SYSTEM32\CRYPTSP.dll
0x00007ffdfe540000 - 0x00007ffdfe574000 	C:\Windows\system32\rsaenh.dll
0x00007ffdfefa0000 - 0x00007ffdfefc5000 	C:\Windows\SYSTEM32\bcrypt.dll
0x00007ffdfef70000 - 0x00007ffdfef99000 	C:\Windows\SYSTEM32\USERENV.dll
0x00007ffdfeac0000 - 0x00007ffdfeacb000 	C:\Windows\SYSTEM32\CRYPTBASE.dll
0x00007ffdf29e0000 - 0x00007ffdf29fa000 	D:\Android\Android Studio\jre\jre\bin\net.dll
0x00007ffdfe920000 - 0x00007ffdfe97c000 	C:\Windows\system32\mswsock.dll
0x00007ffdfe6c0000 - 0x00007ffdfe6f7000 	C:\Windows\SYSTEM32\IPHLPAPI.DLL
0x00007ffe01aa0000 - 0x00007ffe01aa8000 	C:\Windows\System32\NSI.dll
0x00007ffdfa220000 - 0x00007ffdfa236000 	C:\Windows\SYSTEM32\dhcpcsvc6.DLL
0x00007ffdfa200000 - 0x00007ffdfa21a000 	C:\Windows\SYSTEM32\dhcpcsvc.DLL
0x00007ffdf1cf0000 - 0x00007ffdf1d01000 	D:\Android\Android Studio\jre\jre\bin\nio.dll

VM Arguments:
jvm_args: -Djava.awt.headless=true -Xmx64M -Dfile.encoding=windows-1251 -Duser.country=RU -Duser.language=ru -Duser.variant 
java_command: com.google.devtools.build.android.desugar.Desugar --input D:\Android\Develop\FlagQuize\app\build\intermediates\transforms\stackFramesFixer\debug\16.jar --output D:\Android\Develop\FlagQuize\app\build\intermediates\transforms\desugar\debug\17.jar --input D:\Android\Develop\FlagQuize\app\build\intermediates\transforms\stackFramesFixer\debug\11.jar --output D:\Android\Develop\FlagQuize\app\build\intermediates\transforms\desugar\debug\12.jar --input D:\Android\Develop\FlagQuize\app\build\intermediates\transforms\stackFramesFixer\debug\12.jar --output D:\Android\Develop\FlagQuize\app\build\intermediates\transforms\desugar\debug\13.jar --input D:\Android\Develop\FlagQuize\app\build\intermediates\transforms\stackFramesFixer\debug\6.jar --output D:\Android\Develop\FlagQuize\app\build\intermediates\transforms\desugar\debug\7.jar --classpath_entry D:\Android\Develop\FlagQuize\app\build\intermediates\classes\debug --classpath_entry D:\Android\Develop\FlagQuize\app\build\intermediates\transforms\stackFramesFixer\debug\0.jar --classpath_entry D:\Android\Develop\FlagQuize\app\build\intermediates\transforms\stackFramesFixer\debug\1.jar --classpath_entry D:\Android\Develop\FlagQuize\app\build\intermediates\transforms\stackFramesFixer\debug\2.jar --classpath_entry D:\Android\Develop\FlagQuize\app\build\intermediates\transforms\stackFramesFixer\debug\3.jar --classpath_entry D:\Android\Develop\FlagQuize\app\build\intermediates\transforms\stackFramesFixer\debug\4.jar --classpath_entry D:\Android\Develop\FlagQuize\app\build\intermediates\transforms\stackFramesFixer\debug\5.jar --classpath_entry D:\Android\Develop\FlagQuize\app\build\intermediates\transforms\stackFramesFixer\debug\6.jar --classpath_entry D:\Android\Develop\FlagQuize\app\build\intermediates\transforms\stackFramesFixer\debug\7.jar --classpath_entry D:\Android\Develop\FlagQuize\app\build\intermediates\transforms\stackFramesFixer\debug\8.jar --classpath_entry D:\Android\Develop\FlagQuize\app\build\intermediat
java_class_path (initial): D:\Temp\desugar_deploy.jar2445098554435361484
Launcher Type: SUN_STANDARD

Environment Variables:
PATH=C:\Windows\system32;C:\Windows;C:\Windows\System32\Wbem;C:\Windows\System32\WindowsPowerShell\v1.0\;C:\Program Files\Git\cmd;C:\Users\vi199\AppData\Local\Microsoft\WindowsApps;
USERNAME=vi199
OS=Windows_NT
PROCESSOR_IDENTIFIER=AMD64 Family 21 Model 19 Stepping 1, AuthenticAMD



---------------  S Y S T E M  ---------------

OS: Windows 10.0 , 64 bit Build 15063 (10.0.15063.296)

CPU:total 4 (initial active 4) (4 cores per cpu, 1 threads per core) family 21 model 19 stepping 1, cmov, cx8, fxsr, mmx, sse, sse2, sse3, ssse3, sse4.1, sse4.2, popcnt, avx, aes, clmul, mmxext, 3dnowpref, lzcnt, sse4a, tsc, tscinvbit, tscinv, bmi1

Memory: 4k page, physical 5469384k(646060k free), swap 5469384k(124792k free)

vm_info: OpenJDK 64-Bit Server VM (25.152-b01) for windows-amd64 JRE (1.8.0_152-release-915-b01), built by "builder" with MS VC++ 10.0 (VS2010)

time: Mon Feb 12 07:45:24 2018
elapsed time: 4 seconds (0d 0h 0m 4s)

